#
# There is insufficient memory for the Java Runtime Environment to continue.
# Native memory allocation (mmap) failed to map 132120576 bytes for G1 virtual space
# Possible reasons:
#   The system is out of physical RAM or swap space
#   The process is running with CompressedOops enabled, and the Java Heap may be blocking the growth of the native heap
# Possible solutions:
#   Reduce memory load on the system
#   Increase physical memory or swap space
#   Check if swap backing store is full
#   Decrease Java heap size (-Xmx/-Xms)
#   Decrease number of Java threads
#   Decrease Java thread stack sizes (-Xss)
#   Set larger code cache with -XX:ReservedCodeCacheSize=
#   JVM is running with Unscaled Compressed Oops mode in which the Java heap is
#     placed in the first 4GB address space. The Java Heap base address is the
#     maximum limit for the native heap growth. Please use -XX:HeapBaseMinAddress
#     to set the Java Heap base and to place the Java Heap above 4GB virtual address.
# This output file may be truncated or incomplete.
#
#  Out of Memory Error (os_windows.cpp:3829), pid=10660, tid=15004
#
# JRE version:  (17.0.8+7) (build )
# Java VM: OpenJDK 64-Bit Server VM (17.0.8+7-b1000.22, mixed mode, sharing, tiered, compressed oops, compressed class ptrs, g1 gc, windows-amd64)
# No core dump will be written. Minidumps are not enabled by default on client versions of Windows
#

---------------  S U M M A R Y ------------

Command Line: git4idea.http.GitAskPassApp Username for 'https://github.com': 

Host: Intel(R) Core(TM) i5-10210U CPU @ 1.60GHz, 8 cores, 7G,  Windows 11 , 64 bit Build 22621 (10.0.22621.2215)
Time: Wed Oct 11 04:55:36 2023 India Standard Time elapsed time: 0.089419 seconds (0d 0h 0m 0s)

---------------  T H R E A D  ---------------

Current thread (0x000002bd1d19dfe0):  JavaThread "Unknown thread" [_thread_in_vm, id=15004, stack(0x000000f0d7000000,0x000000f0d7100000)]

Stack: [0x000000f0d7000000,0x000000f0d7100000]
Native frames: (J=compiled Java code, j=interpreted, Vv=VM code, C=native code)
V  [jvm.dll+0x6852da]
V  [jvm.dll+0x844c84]
V  [jvm.dll+0x84659e]
V  [jvm.dll+0x846c03]
V  [jvm.dll+0x24b7cf]
V  [jvm.dll+0x682049]
V  [jvm.dll+0x67671a]
V  [jvm.dll+0x30be2b]
V  [jvm.dll+0x3132d6]
V  [jvm.dll+0x36302e]
V  [jvm.dll+0x36325f]
V  [jvm.dll+0x2e1f48]
V  [jvm.dll+0x2e2eb4]
V  [jvm.dll+0x815c11]
V  [jvm.dll+0x370df1]
V  [jvm.dll+0x7f4fdc]
V  [jvm.dll+0x3f3f1f]
V  [jvm.dll+0x3f5b31]
C  [jli.dll+0x528f]
C  [ucrtbase.dll+0x29363]
C  [KERNEL32.DLL+0x1257d]
C  [ntdll.dll+0x5aa68]


---------------  P R O C E S S  ---------------

Threads class SMR info:
_java_thread_list=0x00007ff965400098, length=0, elements={
}

Java Threads: ( => current thread )

Other Threads:
  0x000002bd1f31fc50 GCTaskThread "GC Thread#0" [stack: 0x000000f0d7100000,0x000000f0d7200000] [id=12888]
  0x000002bd1f3304a0 ConcurrentGCThread "G1 Main Marker" [stack: 0x000000f0d7200000,0x000000f0d7300000] [id=9908]
  0x000002bd1f330eb0 ConcurrentGCThread "G1 Conc#0" [stack: 0x000000f0d7300000,0x000000f0d7400000] [id=7808]

[error occurred during error reporting (printing all threads), id 0xc0000005, EXCEPTION_ACCESS_VIOLATION (0xc0000005) at pc=0x00007ff964bb2ab7]

VM state: not at safepoint (not fully initialized)

VM Mutex/Monitor currently owned by a thread:  ([mutex/lock_event])
[0x000002bd1f2c53a0] Heap_lock - owner thread: 0x000002bd1d19dfe0

Heap address: 0x0000000083800000, size: 1992 MB, Compressed Oops mode: 32-bit

CDS archive(s) mapped at: [0x0000000000000000-0x0000000000000000-0x0000000000000000), size 0, SharedBaseAddress: 0x0000000800000000, ArchiveRelocationMode: 1.
Narrow klass base: 0x0000000000000000, Narrow klass shift: 0, Narrow klass range: 0x0

GC Precious Log:
<Empty>

Heap:
 garbage-first heap   total 0K, used 0K [0x0000000083800000, 0x0000000100000000)
  region size 1024K, 0 young (0K), 0 survivors (0K)
 Metaspace       used 0K, committed 0K, reserved 0K
  class space    used 0K, committed 0K, reserved 0K

Heap Regions: E=young(eden), S=young(survivor), O=old, HS=humongous(starts), HC=humongous(continues), CS=collection set, F=free, OA=open archive, CA=closed archive, TAMS=top-at-mark-start (previous, next)

Card table byte_map: [0x000002bd32150000,0x000002bd32540000] _byte_map_base: 0x000002bd31d34000

Marking Bits (Prev, Next): (CMBitMap*) 0x000002bd1f320270, (CMBitMap*) 0x000002bd1f3202b0
 Prev Bits: [0x000002bd32930000, 0x000002bd34850000)
 Next Bits: [0x000002bd34850000, 0x000002bd36770000)

GC Heap History (0 events):
No events

Dll operation events (1 events):
Event: 0.010 Loaded shared library D:\pycharm\PyCharm 2023.2.2\jbr\bin\java.dll

Deoptimization events (0 events):
No events

Classes unloaded (0 events):
No events

Classes redefined (0 events):
No events

Internal exceptions (0 events):
No events

VM Operations (0 events):
No events

Events (0 events):
No events


Dynamic libraries:
0x00007ff701c50000 - 0x00007ff701c5a000 	D:\pycharm\PyCharm 2023.2.2\jbr\bin\java.exe
0x00007ff9e12d0000 - 0x00007ff9e14e4000 	C:\WINDOWS\SYSTEM32\ntdll.dll
0x00007ff9df4b0000 - 0x00007ff9df574000 	C:\WINDOWS\System32\KERNEL32.DLL
0x00007ff9de7a0000 - 0x00007ff9deb44000 	C:\WINDOWS\System32\KERNELBASE.dll
0x00007ff9decf0000 - 0x00007ff9dee01000 	C:\WINDOWS\System32\ucrtbase.dll
0x00007ff9b5ab0000 - 0x00007ff9b5ac7000 	D:\pycharm\PyCharm 2023.2.2\jbr\bin\jli.dll
0x00007ff9b4bb0000 - 0x00007ff9b4bcb000 	D:\pycharm\PyCharm 2023.2.2\jbr\bin\VCRUNTIME140.dll
0x00007ff9df700000 - 0x00007ff9df8ae000 	C:\WINDOWS\System32\USER32.dll
0x00007ff9deb50000 - 0x00007ff9deb76000 	C:\WINDOWS\System32\win32u.dll
0x00007ff9c0710000 - 0x00007ff9c09a3000 	C:\WINDOWS\WinSxS\amd64_microsoft.windows.common-controls_6595b64144ccf1df_6.0.22621.2215_none_270d72677387dfc3\COMCTL32.dll
0x00007ff9e0cc0000 - 0x00007ff9e0ce9000 	C:\WINDOWS\System32\GDI32.dll
0x00007ff9e0b80000 - 0x00007ff9e0c27000 	C:\WINDOWS\System32\msvcrt.dll
0x00007ff9de680000 - 0x00007ff9de798000 	C:\WINDOWS\System32\gdi32full.dll
0x00007ff9dee90000 - 0x00007ff9def2a000 	C:\WINDOWS\System32\msvcp_win.dll
0x00007ff9e0920000 - 0x00007ff9e0951000 	C:\WINDOWS\System32\IMM32.DLL
0x00007ff9d4bb0000 - 0x00007ff9d4bbc000 	D:\pycharm\PyCharm 2023.2.2\jbr\bin\vcruntime140_1.dll
0x00007ff9786b0000 - 0x00007ff97873d000 	D:\pycharm\PyCharm 2023.2.2\jbr\bin\msvcp140.dll
0x00007ff9648c0000 - 0x00007ff965543000 	D:\pycharm\PyCharm 2023.2.2\jbr\bin\server\jvm.dll
0x00007ff9df260000 - 0x00007ff9df310000 	C:\WINDOWS\System32\ADVAPI32.dll
0x00007ff9e00e0000 - 0x00007ff9e0186000 	C:\WINDOWS\System32\sechost.dll
0x00007ff9e0cf0000 - 0x00007ff9e0e07000 	C:\WINDOWS\System32\RPCRT4.dll
0x00007ff9de550000 - 0x00007ff9de59d000 	C:\WINDOWS\SYSTEM32\POWRPROF.dll
0x00007ff9d4010000 - 0x00007ff9d4044000 	C:\WINDOWS\SYSTEM32\WINMM.dll
0x00007ff9c3730000 - 0x00007ff9c3739000 	C:\WINDOWS\SYSTEM32\WSOCK32.dll
0x00007ff9cc2c0000 - 0x00007ff9cc2ca000 	C:\WINDOWS\SYSTEM32\VERSION.dll
0x00007ff9e09b0000 - 0x00007ff9e0a21000 	C:\WINDOWS\System32\WS2_32.dll
0x00007ff9de530000 - 0x00007ff9de543000 	C:\WINDOWS\SYSTEM32\UMPDC.dll
0x00007ff9dd640000 - 0x00007ff9dd658000 	C:\WINDOWS\SYSTEM32\kernel.appcore.dll
0x00007ff9d4490000 - 0x00007ff9d449a000 	D:\pycharm\PyCharm 2023.2.2\jbr\bin\jimage.dll
0x00007ff9d8700000 - 0x00007ff9d892e000 	C:\WINDOWS\SYSTEM32\DBGHELP.DLL
0x00007ff9e0190000 - 0x00007ff9e051a000 	C:\WINDOWS\System32\combase.dll
0x00007ff9df070000 - 0x00007ff9df147000 	C:\WINDOWS\System32\OLEAUT32.dll
0x00007ff9c3000000 - 0x00007ff9c3032000 	C:\WINDOWS\SYSTEM32\dbgcore.DLL
0x00007ff9dee10000 - 0x00007ff9dee8a000 	C:\WINDOWS\System32\bcryptPrimitives.dll
0x00007ff9b43b0000 - 0x00007ff9b43d5000 	D:\pycharm\PyCharm 2023.2.2\jbr\bin\java.dll

dbghelp: loaded successfully - version: 4.0.5 - missing functions: none
symbol engine: initialized successfully - sym options: 0x614 - pdb path: .;D:\pycharm\PyCharm 2023.2.2\jbr\bin;C:\WINDOWS\SYSTEM32;C:\WINDOWS\WinSxS\amd64_microsoft.windows.common-controls_6595b64144ccf1df_6.0.22621.2215_none_270d72677387dfc3;D:\pycharm\PyCharm 2023.2.2\jbr\bin\server

VM Arguments:
java_command: git4idea.http.GitAskPassApp Username for 'https://github.com': 
java_class_path (initial): D:/pycharm/PyCharm 2023.2.2/plugins/vcs-git/lib/git4idea-rt.jar;D:/pycharm/PyCharm 2023.2.2/lib/externalProcess-rt.jar
Launcher Type: SUN_STANDARD

[Global flags]
     intx CICompilerCount                          = 4                                         {product} {ergonomic}
     uint ConcGCThreads                            = 2                                         {product} {ergonomic}
     uint G1ConcRefinementThreads                  = 8                                         {product} {ergonomic}
   size_t G1HeapRegionSize                         = 1048576                                   {product} {ergonomic}
    uintx GCDrainStackTargetSize                   = 64                                        {product} {ergonomic}
   size_t InitialHeapSize                          = 132120576                                 {product} {ergonomic}
   size_t MarkStackSize                            = 4194304                                   {product} {ergonomic}
   size_t MaxHeapSize                              = 2088763392                                {product} {ergonomic}
   size_t MinHeapDeltaBytes                        = 1048576                                   {product} {ergonomic}
   size_t MinHeapSize                              = 8388608                                   {product} {ergonomic}
    uintx NonNMethodCodeHeapSize                   = 5839372                                {pd product} {ergonomic}
    uintx NonProfiledCodeHeapSize                  = 122909434                              {pd product} {ergonomic}
    uintx ProfiledCodeHeapSize                     = 122909434                              {pd product} {ergonomic}
    uintx ReservedCodeCacheSize                    = 251658240                              {pd product} {ergonomic}
     bool SegmentedCodeCache                       = true                                      {product} {ergonomic}
   size_t SoftMaxHeapSize                          = 2088763392                             {manageable} {ergonomic}
     bool UseCompressedClassPointers               = true                           {product lp64_product} {ergonomic}
     bool UseCompressedOops                        = true                           {product lp64_product} {ergonomic}
     bool UseG1GC                                  = true                                      {product} {ergonomic}
     bool UseLargePagesIndividualAllocation        = false                                  {pd product} {ergonomic}

Logging:
Log output configuration:
 #0: stdout all=warning uptime,level,tags
 #1: stderr all=off uptime,level,tags

Environment Variables:
PATH=C:/Program Files/Git/mingw64/libexec/git-core;C:/Program Files/Git/mingw64/libexec/git-core;C:\Program Files\Git\mingw64\bin;C:\Program Files\Git\usr\bin;C:\Users\prash\AppData\Roaming\SPB_Data\bin;C:\Python311\Scripts\;C:\Python311\;C:\Users\prash\AppData\Local\Programs\Python\Python39\Scripts\;C:\Users\prash\AppData\Local\Programs\Python\Python39\;C:\Program Files\Common Files\Oracle\Java\javapath;C:\Program Files (x86)\Common Files\Oracle\Java\javapath;C:\oraclexe\app\oracle\product\10.2.0\server\bin;C:\python\python390\Scripts\;C:\python\python390\;C:\WINDOWS\system32;C:\WINDOWS;C:\WINDOWS\System32\Wbem;C:\WINDOWS\System32\WindowsPowerShell\v1.0\;C:\WINDOWS\System32\OpenSSH\;C:\Program Files\MATLAB\R2020b\bin;D:\MATLAB FILES\runtime\win64;D:\MATLAB FILES\bin;C:\ProgramData\chocolatey\bin;D:\xampp\php;C:\Program Files\Git\cmd;C:\Program Files\nodejs\;C:\Users\prash\miniconda3;C:\Users\prash\miniconda3\Library\mingw-w64\bin;C:\Users\prash\miniconda3\Library\usr\bin;C:\Users\prash\miniconda3\Library\bin;C:\Users\prash\miniconda3\Scripts;C:\Users\prash\anaconda3;C:\Users\prash\anaconda3\Library\mingw-w64\bin;C:\Users\prash\anaconda3\Library\usr\bin;C:\Users\prash\anaconda3\Library\bin;C:\Users\prash\anaconda3\Scripts;C:\Users\prash\AppData\Local\Microsoft\WindowsApps;D:\JAVA;C:\Program Files\JetBrains\IntelliJ IDEA Community Edition 2021.3.1\bin;D:\PyCharm Community Edition 2022.2.3\bin;D:\Microsoft VS Code\bin;C:\Users\prash\AppData\Roaming\npm;D:\pycharm\PyCharm 2023.2.2\bin
USERNAME=prash
DISPLAY=:0.0
LC_ALL=en_US.UTF-8
TERM=xterm-256color
TMPDIR=C:\Users\prash\AppData\Local\Temp
OS=Windows_NT
PROCESSOR_IDENTIFIER=Intel64 Family 6 Model 142 Stepping 12, GenuineIntel
TMP=C:\Users\prash\AppData\Local\Temp
TEMP=C:\Users\prash\AppData\Local\Temp


JNI global refs:
JNI global refs: 0, weak refs: 0

JNI global refs memory usage: 0, weak refs: 0

OOME stack traces (most recent first):
Classloader memory used:


---------------  S Y S T E M  ---------------

OS:
 Windows 11 , 64 bit Build 22621 (10.0.22621.2215)
OS uptime: 5 days 17:52 hours
Hyper-V role detected

CPU: total 8 (initial active 8) (4 cores per cpu, 2 threads per core) family 6 model 142 stepping 12 microcode 0xec, cx8, cmov, fxsr, ht, mmx, 3dnowpref, sse, sse2, sse3, ssse3, sse4.1, sse4.2, popcnt, lzcnt, tsc, tscinvbit, avx, avx2, aes, erms, clmul, bmi1, bmi2, adx, fma, vzeroupper, clflush, clflushopt, hv
Processor Information for all 8 processors :
  Max Mhz: 2101, Current Mhz: 2101, Mhz Limit: 2101

Memory: 4k page, system-wide physical 7965M (1176M free)
TotalPageFile size 11496M (AvailPageFile size 88M)
current process WorkingSet (physical memory assigned to process): 11M, peak: 11M
current process commit charge ("private bytes"): 60M, peak: 186M

vm_info: OpenJDK 64-Bit Server VM (17.0.8+7-b1000.22) for windows-amd64 JRE (17.0.8+7-b1000.22), built on 2023-09-02 by "builduser" with MS VC++ 16.10 / 16.11 (VS2019)

END.
