#
# There is insufficient memory for the Java Runtime Environment to continue.
# Native memory allocation (mmap) failed to map 65536 bytes for Failed to commit metaspace.
# Possible reasons:
#   The system is out of physical RAM or swap space
#   The process is running with CompressedOops enabled, and the Java Heap may be blocking the growth of the native heap
# Possible solutions:
#   Reduce memory load on the system
#   Increase physical memory or swap space
#   Check if swap backing store is full
#   Decrease Java heap size (-Xmx/-Xms)
#   Decrease number of Java threads
#   Decrease Java thread stack sizes (-Xss)
#   Set larger code cache with -XX:ReservedCodeCacheSize=
#   JVM is running with Unscaled Compressed Oops mode in which the Java heap is
#     placed in the first 4GB address space. The Java Heap base address is the
#     maximum limit for the native heap growth. Please use -XX:HeapBaseMinAddress
#     to set the Java Heap base and to place the Java Heap above 4GB virtual address.
# This output file may be truncated or incomplete.
#
#  Out of Memory Error (virtualSpaceNode.cpp:110), pid=1176, tid=11088
#
# JRE version: OpenJDK Runtime Environment JBR-17.0.8+7-1000.22-jcef (17.0.8+7) (build 17.0.8+7-b1000.22)
# Java VM: OpenJDK 64-Bit Server VM JBR-17.0.8+7-1000.22-jcef (17.0.8+7-b1000.22, mixed mode, tiered, compressed oops, compressed class ptrs, g1 gc, windows-amd64)
# No core dump will be written. Minidumps are not enabled by default on client versions of Windows
#

---------------  S U M M A R Y ------------

Command Line: git4idea.http.GitAskPassApp Password for 'https://Prashanth003007@github.com': 

Host: Intel(R) Core(TM) i5-10210U CPU @ 1.60GHz, 8 cores, 7G,  Windows 11 , 64 bit Build 22621 (10.0.22621.2215)
Time: Mon Oct  9 17:37:50 2023 India Standard Time elapsed time: 0.809382 seconds (0d 0h 0m 0s)

---------------  T H R E A D  ---------------

Current thread (0x00000202b2734e10):  JavaThread "HttpClient-1-Worker-1" daemon [_thread_in_vm, id=11088, stack(0x000000ce66800000,0x000000ce66900000)]

Stack: [0x000000ce66800000,0x000000ce66900000]
Native frames: (J=compiled Java code, j=interpreted, Vv=VM code, C=native code)
V  [jvm.dll+0x6852da]
V  [jvm.dll+0x844c84]
V  [jvm.dll+0x84659e]
V  [jvm.dll+0x846c03]
V  [jvm.dll+0x24b7cf]
V  [jvm.dll+0x84003b]
V  [jvm.dll+0x6296c6]
V  [jvm.dll+0x1c2dee]
V  [jvm.dll+0x62c011]
V  [jvm.dll+0x62a066]
V  [jvm.dll+0x373192]
V  [jvm.dll+0x1e6b2b]
V  [jvm.dll+0x54b2a6]
V  [jvm.dll+0x1f5ccb]
V  [jvm.dll+0x7be1db]
V  [jvm.dll+0x7bf622]
V  [jvm.dll+0x41baa5]
C  [java.dll+0x1a55]

Java frames: (J=compiled Java code, j=interpreted, Vv=VM code)
j  java.lang.ClassLoader.findBootstrapClass(Ljava/lang/String;)Ljava/lang/Class;+0 java.base@17.0.8
j  java.lang.ClassLoader.findBootstrapClassOrNull(Ljava/lang/String;)Ljava/lang/Class;+10 java.base@17.0.8
j  java.lang.System$2.findBootstrapClassOrNull(Ljava/lang/String;)Ljava/lang/Class;+1 java.base@17.0.8
j  jdk.internal.loader.ClassLoaders$BootClassLoader.loadClassOrNull(Ljava/lang/String;Z)Ljava/lang/Class;+4 java.base@17.0.8
J 641 c1 jdk.internal.loader.BuiltinClassLoader.loadClassOrNull(Ljava/lang/String;Z)Ljava/lang/Class; java.base@17.0.8 (143 bytes) @ 0x000002029774b534 [0x000002029774aac0+0x0000000000000a74]
J 643 c1 jdk.internal.loader.BuiltinClassLoader.loadClass(Ljava/lang/String;Z)Ljava/lang/Class; java.base@17.0.8 (22 bytes) @ 0x000002029774cec4 [0x000002029774cdc0+0x0000000000000104]
J 642 c1 java.lang.ClassLoader.loadClass(Ljava/lang/String;)Ljava/lang/Class; java.base@17.0.8 (7 bytes) @ 0x000002029774cabc [0x000002029774c9c0+0x00000000000000fc]
v  ~StubRoutines::call_stub
j  jdk.internal.net.http.common.SubscriberWrapper$DownstreamPusher.run1()V+40 java.net.http@17.0.8
j  jdk.internal.net.http.common.SubscriberWrapper$DownstreamPusher.run()V+1 java.net.http@17.0.8
j  jdk.internal.net.http.common.SequentialScheduler$LockingRestartableTask.run()V+34 java.net.http@17.0.8
j  jdk.internal.net.http.common.SequentialScheduler$CompleteRestartableTask.run(Ljdk/internal/net/http/common/SequentialScheduler$DeferredCompleter;)V+1 java.net.http@17.0.8
j  jdk.internal.net.http.common.SequentialScheduler$SchedulableTask.run()V+14 java.net.http@17.0.8
j  jdk.internal.net.http.common.SequentialScheduler.runOrSchedule(Ljdk/internal/net/http/common/SequentialScheduler$SchedulableTask;Ljava/util/concurrent/Executor;)V+86 java.net.http@17.0.8
j  jdk.internal.net.http.common.SequentialScheduler.runOrSchedule()V+6 java.net.http@17.0.8
j  jdk.internal.net.http.common.SubscriptionBase.request(J)V+15 java.net.http@17.0.8
j  jdk.internal.net.http.SocketTube$InternalWriteSubscriber$WriteSubscription.requestMore()V+141 java.net.http@17.0.8
j  jdk.internal.net.http.SocketTube$InternalWriteSubscriber.requestMore()V+6 java.net.http@17.0.8
j  jdk.internal.net.http.SocketTube$InternalWriteSubscriber$$Lambda$139+0x000000010012b288.run()V+4 java.net.http@17.0.8
j  java.util.concurrent.ThreadPoolExecutor.runWorker(Ljava/util/concurrent/ThreadPoolExecutor$Worker;)V+92 java.base@17.0.8
j  java.util.concurrent.ThreadPoolExecutor$Worker.run()V+5 java.base@17.0.8
j  java.lang.Thread.run()V+11 java.base@17.0.8
v  ~StubRoutines::call_stub

---------------  P R O C E S S  ---------------

Threads class SMR info:
_java_thread_list=0x00000202b23f3930, length=15, elements={
0x0000020293ef9290, 0x00000202ade31e80, 0x00000202ade32f10, 0x00000202ade3c500,
0x00000202b204bcc0, 0x00000202b204c590, 0x00000202b204cf50, 0x00000202b204dcf0,
0x00000202b204efb0, 0x00000202b20539d0, 0x00000202b21c2520, 0x00000202b21d4240,
0x00000202b26c5880, 0x00000202b2702060, 0x00000202b2734e10
}

Java Threads: ( => current thread )
  0x0000020293ef9290 JavaThread "main" [_thread_blocked, id=6712, stack(0x000000ce65200000,0x000000ce65300000)]
  0x00000202ade31e80 JavaThread "Reference Handler" daemon [_thread_blocked, id=13204, stack(0x000000ce65900000,0x000000ce65a00000)]
  0x00000202ade32f10 JavaThread "Finalizer" daemon [_thread_blocked, id=16156, stack(0x000000ce65a00000,0x000000ce65b00000)]
  0x00000202ade3c500 JavaThread "Signal Dispatcher" daemon [_thread_blocked, id=20664, stack(0x000000ce65b00000,0x000000ce65c00000)]
  0x00000202b204bcc0 JavaThread "Attach Listener" daemon [_thread_blocked, id=14080, stack(0x000000ce65c00000,0x000000ce65d00000)]
  0x00000202b204c590 JavaThread "Service Thread" daemon [_thread_blocked, id=4848, stack(0x000000ce65d00000,0x000000ce65e00000)]
  0x00000202b204cf50 JavaThread "Monitor Deflation Thread" daemon [_thread_blocked, id=4100, stack(0x000000ce65e00000,0x000000ce65f00000)]
  0x00000202b204dcf0 JavaThread "C2 CompilerThread0" daemon [_thread_blocked, id=11020, stack(0x000000ce65f00000,0x000000ce66000000)]
  0x00000202b204efb0 JavaThread "C1 CompilerThread0" daemon [_thread_blocked, id=14164, stack(0x000000ce66000000,0x000000ce66100000)]
  0x00000202b20539d0 JavaThread "Sweeper thread" daemon [_thread_blocked, id=16420, stack(0x000000ce66100000,0x000000ce66200000)]
  0x00000202b21c2520 JavaThread "Notification Thread" daemon [_thread_blocked, id=8444, stack(0x000000ce66200000,0x000000ce66300000)]
  0x00000202b21d4240 JavaThread "Common-Cleaner" daemon [_thread_blocked, id=6244, stack(0x000000ce66400000,0x000000ce66500000)]
  0x00000202b26c5880 JavaThread "HttpClient-1-SelectorManager" daemon [_thread_in_native, id=12808, stack(0x000000ce66500000,0x000000ce66600000)]
  0x00000202b2702060 JavaThread "HttpClient-1-Worker-0" daemon [_thread_in_vm, id=316, stack(0x000000ce66700000,0x000000ce66800000)]
=>0x00000202b2734e10 JavaThread "HttpClient-1-Worker-1" daemon [_thread_in_vm, id=11088, stack(0x000000ce66800000,0x000000ce66900000)]

Other Threads:
  0x00000202ade2cb30 VMThread "VM Thread" [stack: 0x000000ce65800000,0x000000ce65900000] [id=7560]
  0x0000020293f6ce80 WatcherThread [stack: 0x000000ce66300000,0x000000ce66400000] [id=17704]
  0x0000020293f545e0 GCTaskThread "GC Thread#0" [stack: 0x000000ce65300000,0x000000ce65400000] [id=18540]
  0x0000020293f64e30 ConcurrentGCThread "G1 Main Marker" [stack: 0x000000ce65400000,0x000000ce65500000] [id=5472]
  0x0000020293f65840 ConcurrentGCThread "G1 Conc#0" [stack: 0x000000ce65500000,0x000000ce65600000] [id=2724]
  0x0000020293fae090 ConcurrentGCThread "G1 Refine#0" [stack: 0x000000ce65600000,0x000000ce65700000] [id=22360]
  0x0000020293faeac0 ConcurrentGCThread "G1 Service" [stack: 0x000000ce65700000,0x000000ce65800000] [id=536]

Threads with active compile tasks:

VM state: not at safepoint (normal execution)

VM Mutex/Monitor currently owned by a thread:  ([mutex/lock_event])
[0x0000020293ef3e70] Metaspace_lock - owner thread: 0x00000202b2734e10

Heap address: 0x0000000083800000, size: 1992 MB, Compressed Oops mode: 32-bit

CDS archive(s) not mapped
Compressed class space mapped at: 0x0000000100000000-0x0000000140000000, reserved size: 1073741824
Narrow klass base: 0x0000000000000000, Narrow klass shift: 3, Narrow klass range: 0x140000000

GC Precious Log:
 CPUs: 8 total, 8 available
 Memory: 7965M
 Large Page Support: Disabled
 NUMA Support: Disabled
 Compressed Oops: Enabled (32-bit)
 Heap Region Size: 1M
 Heap Min Capacity: 8M
 Heap Initial Capacity: 126M
 Heap Max Capacity: 1992M
 Pre-touch: Disabled
 Parallel Workers: 8
 Concurrent Workers: 2
 Concurrent Refinement Workers: 8
 Periodic GC: Disabled

Heap:
 garbage-first heap   total 129024K, used 11264K [0x0000000083800000, 0x0000000100000000)
  region size 1024K, 12 young (12288K), 0 survivors (0K)
 Metaspace       used 14226K, committed 14400K, reserved 1114112K
  class space    used 1440K, committed 1472K, reserved 1048576K

Heap Regions: E=young(eden), S=young(survivor), O=old, HS=humongous(starts), HC=humongous(continues), CS=collection set, F=free, OA=open archive, CA=closed archive, TAMS=top-at-mark-start (previous, next)
|   0|0x0000000083800000, 0x0000000083800000, 0x0000000083900000|  0%| F|  |TAMS 0x0000000083800000, 0x0000000083800000| Untracked 
|   1|0x0000000083900000, 0x0000000083900000, 0x0000000083a00000|  0%| F|  |TAMS 0x0000000083900000, 0x0000000083900000| Untracked 
|   2|0x0000000083a00000, 0x0000000083a00000, 0x0000000083b00000|  0%| F|  |TAMS 0x0000000083a00000, 0x0000000083a00000| Untracked 
|   3|0x0000000083b00000, 0x0000000083b00000, 0x0000000083c00000|  0%| F|  |TAMS 0x0000000083b00000, 0x0000000083b00000| Untracked 
|   4|0x0000000083c00000, 0x0000000083c00000, 0x0000000083d00000|  0%| F|  |TAMS 0x0000000083c00000, 0x0000000083c00000| Untracked 
|   5|0x0000000083d00000, 0x0000000083d00000, 0x0000000083e00000|  0%| F|  |TAMS 0x0000000083d00000, 0x0000000083d00000| Untracked 
|   6|0x0000000083e00000, 0x0000000083e00000, 0x0000000083f00000|  0%| F|  |TAMS 0x0000000083e00000, 0x0000000083e00000| Untracked 
|   7|0x0000000083f00000, 0x0000000083f00000, 0x0000000084000000|  0%| F|  |TAMS 0x0000000083f00000, 0x0000000083f00000| Untracked 
|   8|0x0000000084000000, 0x0000000084000000, 0x0000000084100000|  0%| F|  |TAMS 0x0000000084000000, 0x0000000084000000| Untracked 
|   9|0x0000000084100000, 0x0000000084100000, 0x0000000084200000|  0%| F|  |TAMS 0x0000000084100000, 0x0000000084100000| Untracked 
|  10|0x0000000084200000, 0x0000000084200000, 0x0000000084300000|  0%| F|  |TAMS 0x0000000084200000, 0x0000000084200000| Untracked 
|  11|0x0000000084300000, 0x0000000084300000, 0x0000000084400000|  0%| F|  |TAMS 0x0000000084300000, 0x0000000084300000| Untracked 
|  12|0x0000000084400000, 0x0000000084400000, 0x0000000084500000|  0%| F|  |TAMS 0x0000000084400000, 0x0000000084400000| Untracked 
|  13|0x0000000084500000, 0x0000000084500000, 0x0000000084600000|  0%| F|  |TAMS 0x0000000084500000, 0x0000000084500000| Untracked 
|  14|0x0000000084600000, 0x0000000084600000, 0x0000000084700000|  0%| F|  |TAMS 0x0000000084600000, 0x0000000084600000| Untracked 
|  15|0x0000000084700000, 0x0000000084700000, 0x0000000084800000|  0%| F|  |TAMS 0x0000000084700000, 0x0000000084700000| Untracked 
|  16|0x0000000084800000, 0x0000000084800000, 0x0000000084900000|  0%| F|  |TAMS 0x0000000084800000, 0x0000000084800000| Untracked 
|  17|0x0000000084900000, 0x0000000084900000, 0x0000000084a00000|  0%| F|  |TAMS 0x0000000084900000, 0x0000000084900000| Untracked 
|  18|0x0000000084a00000, 0x0000000084a00000, 0x0000000084b00000|  0%| F|  |TAMS 0x0000000084a00000, 0x0000000084a00000| Untracked 
|  19|0x0000000084b00000, 0x0000000084b00000, 0x0000000084c00000|  0%| F|  |TAMS 0x0000000084b00000, 0x0000000084b00000| Untracked 
|  20|0x0000000084c00000, 0x0000000084c00000, 0x0000000084d00000|  0%| F|  |TAMS 0x0000000084c00000, 0x0000000084c00000| Untracked 
|  21|0x0000000084d00000, 0x0000000084d00000, 0x0000000084e00000|  0%| F|  |TAMS 0x0000000084d00000, 0x0000000084d00000| Untracked 
|  22|0x0000000084e00000, 0x0000000084e00000, 0x0000000084f00000|  0%| F|  |TAMS 0x0000000084e00000, 0x0000000084e00000| Untracked 
|  23|0x0000000084f00000, 0x0000000084f00000, 0x0000000085000000|  0%| F|  |TAMS 0x0000000084f00000, 0x0000000084f00000| Untracked 
|  24|0x0000000085000000, 0x0000000085000000, 0x0000000085100000|  0%| F|  |TAMS 0x0000000085000000, 0x0000000085000000| Untracked 
|  25|0x0000000085100000, 0x0000000085100000, 0x0000000085200000|  0%| F|  |TAMS 0x0000000085100000, 0x0000000085100000| Untracked 
|  26|0x0000000085200000, 0x0000000085200000, 0x0000000085300000|  0%| F|  |TAMS 0x0000000085200000, 0x0000000085200000| Untracked 
|  27|0x0000000085300000, 0x0000000085300000, 0x0000000085400000|  0%| F|  |TAMS 0x0000000085300000, 0x0000000085300000| Untracked 
|  28|0x0000000085400000, 0x0000000085400000, 0x0000000085500000|  0%| F|  |TAMS 0x0000000085400000, 0x0000000085400000| Untracked 
|  29|0x0000000085500000, 0x0000000085500000, 0x0000000085600000|  0%| F|  |TAMS 0x0000000085500000, 0x0000000085500000| Untracked 
|  30|0x0000000085600000, 0x0000000085600000, 0x0000000085700000|  0%| F|  |TAMS 0x0000000085600000, 0x0000000085600000| Untracked 
|  31|0x0000000085700000, 0x0000000085700000, 0x0000000085800000|  0%| F|  |TAMS 0x0000000085700000, 0x0000000085700000| Untracked 
|  32|0x0000000085800000, 0x0000000085800000, 0x0000000085900000|  0%| F|  |TAMS 0x0000000085800000, 0x0000000085800000| Untracked 
|  33|0x0000000085900000, 0x0000000085900000, 0x0000000085a00000|  0%| F|  |TAMS 0x0000000085900000, 0x0000000085900000| Untracked 
|  34|0x0000000085a00000, 0x0000000085a00000, 0x0000000085b00000|  0%| F|  |TAMS 0x0000000085a00000, 0x0000000085a00000| Untracked 
|  35|0x0000000085b00000, 0x0000000085b00000, 0x0000000085c00000|  0%| F|  |TAMS 0x0000000085b00000, 0x0000000085b00000| Untracked 
|  36|0x0000000085c00000, 0x0000000085c00000, 0x0000000085d00000|  0%| F|  |TAMS 0x0000000085c00000, 0x0000000085c00000| Untracked 
|  37|0x0000000085d00000, 0x0000000085d00000, 0x0000000085e00000|  0%| F|  |TAMS 0x0000000085d00000, 0x0000000085d00000| Untracked 
|  38|0x0000000085e00000, 0x0000000085e00000, 0x0000000085f00000|  0%| F|  |TAMS 0x0000000085e00000, 0x0000000085e00000| Untracked 
|  39|0x0000000085f00000, 0x0000000085f00000, 0x0000000086000000|  0%| F|  |TAMS 0x0000000085f00000, 0x0000000085f00000| Untracked 
|  40|0x0000000086000000, 0x0000000086000000, 0x0000000086100000|  0%| F|  |TAMS 0x0000000086000000, 0x0000000086000000| Untracked 
|  41|0x0000000086100000, 0x0000000086100000, 0x0000000086200000|  0%| F|  |TAMS 0x0000000086100000, 0x0000000086100000| Untracked 
|  42|0x0000000086200000, 0x0000000086200000, 0x0000000086300000|  0%| F|  |TAMS 0x0000000086200000, 0x0000000086200000| Untracked 
|  43|0x0000000086300000, 0x0000000086300000, 0x0000000086400000|  0%| F|  |TAMS 0x0000000086300000, 0x0000000086300000| Untracked 
|  44|0x0000000086400000, 0x0000000086400000, 0x0000000086500000|  0%| F|  |TAMS 0x0000000086400000, 0x0000000086400000| Untracked 
|  45|0x0000000086500000, 0x0000000086500000, 0x0000000086600000|  0%| F|  |TAMS 0x0000000086500000, 0x0000000086500000| Untracked 
|  46|0x0000000086600000, 0x0000000086600000, 0x0000000086700000|  0%| F|  |TAMS 0x0000000086600000, 0x0000000086600000| Untracked 
|  47|0x0000000086700000, 0x0000000086700000, 0x0000000086800000|  0%| F|  |TAMS 0x0000000086700000, 0x0000000086700000| Untracked 
|  48|0x0000000086800000, 0x0000000086800000, 0x0000000086900000|  0%| F|  |TAMS 0x0000000086800000, 0x0000000086800000| Untracked 
|  49|0x0000000086900000, 0x0000000086900000, 0x0000000086a00000|  0%| F|  |TAMS 0x0000000086900000, 0x0000000086900000| Untracked 
|  50|0x0000000086a00000, 0x0000000086a00000, 0x0000000086b00000|  0%| F|  |TAMS 0x0000000086a00000, 0x0000000086a00000| Untracked 
|  51|0x0000000086b00000, 0x0000000086b00000, 0x0000000086c00000|  0%| F|  |TAMS 0x0000000086b00000, 0x0000000086b00000| Untracked 
|  52|0x0000000086c00000, 0x0000000086c00000, 0x0000000086d00000|  0%| F|  |TAMS 0x0000000086c00000, 0x0000000086c00000| Untracked 
|  53|0x0000000086d00000, 0x0000000086d00000, 0x0000000086e00000|  0%| F|  |TAMS 0x0000000086d00000, 0x0000000086d00000| Untracked 
|  54|0x0000000086e00000, 0x0000000086e00000, 0x0000000086f00000|  0%| F|  |TAMS 0x0000000086e00000, 0x0000000086e00000| Untracked 
|  55|0x0000000086f00000, 0x0000000086f00000, 0x0000000087000000|  0%| F|  |TAMS 0x0000000086f00000, 0x0000000086f00000| Untracked 
|  56|0x0000000087000000, 0x0000000087000000, 0x0000000087100000|  0%| F|  |TAMS 0x0000000087000000, 0x0000000087000000| Untracked 
|  57|0x0000000087100000, 0x0000000087100000, 0x0000000087200000|  0%| F|  |TAMS 0x0000000087100000, 0x0000000087100000| Untracked 
|  58|0x0000000087200000, 0x0000000087200000, 0x0000000087300000|  0%| F|  |TAMS 0x0000000087200000, 0x0000000087200000| Untracked 
|  59|0x0000000087300000, 0x0000000087300000, 0x0000000087400000|  0%| F|  |TAMS 0x0000000087300000, 0x0000000087300000| Untracked 
|  60|0x0000000087400000, 0x0000000087400000, 0x0000000087500000|  0%| F|  |TAMS 0x0000000087400000, 0x0000000087400000| Untracked 
|  61|0x0000000087500000, 0x0000000087500000, 0x0000000087600000|  0%| F|  |TAMS 0x0000000087500000, 0x0000000087500000| Untracked 
|  62|0x0000000087600000, 0x0000000087600000, 0x0000000087700000|  0%| F|  |TAMS 0x0000000087600000, 0x0000000087600000| Untracked 
|  63|0x0000000087700000, 0x0000000087700000, 0x0000000087800000|  0%| F|  |TAMS 0x0000000087700000, 0x0000000087700000| Untracked 
|  64|0x0000000087800000, 0x0000000087800000, 0x0000000087900000|  0%| F|  |TAMS 0x0000000087800000, 0x0000000087800000| Untracked 
|  65|0x0000000087900000, 0x0000000087900000, 0x0000000087a00000|  0%| F|  |TAMS 0x0000000087900000, 0x0000000087900000| Untracked 
|  66|0x0000000087a00000, 0x0000000087a00000, 0x0000000087b00000|  0%| F|  |TAMS 0x0000000087a00000, 0x0000000087a00000| Untracked 
|  67|0x0000000087b00000, 0x0000000087b00000, 0x0000000087c00000|  0%| F|  |TAMS 0x0000000087b00000, 0x0000000087b00000| Untracked 
|  68|0x0000000087c00000, 0x0000000087c00000, 0x0000000087d00000|  0%| F|  |TAMS 0x0000000087c00000, 0x0000000087c00000| Untracked 
|  69|0x0000000087d00000, 0x0000000087d00000, 0x0000000087e00000|  0%| F|  |TAMS 0x0000000087d00000, 0x0000000087d00000| Untracked 
|  70|0x0000000087e00000, 0x0000000087e00000, 0x0000000087f00000|  0%| F|  |TAMS 0x0000000087e00000, 0x0000000087e00000| Untracked 
|  71|0x0000000087f00000, 0x0000000087f00000, 0x0000000088000000|  0%| F|  |TAMS 0x0000000087f00000, 0x0000000087f00000| Untracked 
|  72|0x0000000088000000, 0x0000000088000000, 0x0000000088100000|  0%| F|  |TAMS 0x0000000088000000, 0x0000000088000000| Untracked 
|  73|0x0000000088100000, 0x0000000088100000, 0x0000000088200000|  0%| F|  |TAMS 0x0000000088100000, 0x0000000088100000| Untracked 
|  74|0x0000000088200000, 0x0000000088200000, 0x0000000088300000|  0%| F|  |TAMS 0x0000000088200000, 0x0000000088200000| Untracked 
|  75|0x0000000088300000, 0x0000000088300000, 0x0000000088400000|  0%| F|  |TAMS 0x0000000088300000, 0x0000000088300000| Untracked 
|  76|0x0000000088400000, 0x0000000088400000, 0x0000000088500000|  0%| F|  |TAMS 0x0000000088400000, 0x0000000088400000| Untracked 
|  77|0x0000000088500000, 0x0000000088500000, 0x0000000088600000|  0%| F|  |TAMS 0x0000000088500000, 0x0000000088500000| Untracked 
|  78|0x0000000088600000, 0x0000000088600000, 0x0000000088700000|  0%| F|  |TAMS 0x0000000088600000, 0x0000000088600000| Untracked 
|  79|0x0000000088700000, 0x0000000088700000, 0x0000000088800000|  0%| F|  |TAMS 0x0000000088700000, 0x0000000088700000| Untracked 
|  80|0x0000000088800000, 0x0000000088800000, 0x0000000088900000|  0%| F|  |TAMS 0x0000000088800000, 0x0000000088800000| Untracked 
|  81|0x0000000088900000, 0x0000000088900000, 0x0000000088a00000|  0%| F|  |TAMS 0x0000000088900000, 0x0000000088900000| Untracked 
|  82|0x0000000088a00000, 0x0000000088a00000, 0x0000000088b00000|  0%| F|  |TAMS 0x0000000088a00000, 0x0000000088a00000| Untracked 
|  83|0x0000000088b00000, 0x0000000088b00000, 0x0000000088c00000|  0%| F|  |TAMS 0x0000000088b00000, 0x0000000088b00000| Untracked 
|  84|0x0000000088c00000, 0x0000000088c00000, 0x0000000088d00000|  0%| F|  |TAMS 0x0000000088c00000, 0x0000000088c00000| Untracked 
|  85|0x0000000088d00000, 0x0000000088d00000, 0x0000000088e00000|  0%| F|  |TAMS 0x0000000088d00000, 0x0000000088d00000| Untracked 
|  86|0x0000000088e00000, 0x0000000088e00000, 0x0000000088f00000|  0%| F|  |TAMS 0x0000000088e00000, 0x0000000088e00000| Untracked 
|  87|0x0000000088f00000, 0x0000000088f00000, 0x0000000089000000|  0%| F|  |TAMS 0x0000000088f00000, 0x0000000088f00000| Untracked 
|  88|0x0000000089000000, 0x0000000089000000, 0x0000000089100000|  0%| F|  |TAMS 0x0000000089000000, 0x0000000089000000| Untracked 
|  89|0x0000000089100000, 0x0000000089100000, 0x0000000089200000|  0%| F|  |TAMS 0x0000000089100000, 0x0000000089100000| Untracked 
|  90|0x0000000089200000, 0x0000000089200000, 0x0000000089300000|  0%| F|  |TAMS 0x0000000089200000, 0x0000000089200000| Untracked 
|  91|0x0000000089300000, 0x0000000089300000, 0x0000000089400000|  0%| F|  |TAMS 0x0000000089300000, 0x0000000089300000| Untracked 
|  92|0x0000000089400000, 0x0000000089400000, 0x0000000089500000|  0%| F|  |TAMS 0x0000000089400000, 0x0000000089400000| Untracked 
|  93|0x0000000089500000, 0x0000000089500000, 0x0000000089600000|  0%| F|  |TAMS 0x0000000089500000, 0x0000000089500000| Untracked 
|  94|0x0000000089600000, 0x0000000089600000, 0x0000000089700000|  0%| F|  |TAMS 0x0000000089600000, 0x0000000089600000| Untracked 
|  95|0x0000000089700000, 0x0000000089700000, 0x0000000089800000|  0%| F|  |TAMS 0x0000000089700000, 0x0000000089700000| Untracked 
|  96|0x0000000089800000, 0x0000000089800000, 0x0000000089900000|  0%| F|  |TAMS 0x0000000089800000, 0x0000000089800000| Untracked 
|  97|0x0000000089900000, 0x0000000089900000, 0x0000000089a00000|  0%| F|  |TAMS 0x0000000089900000, 0x0000000089900000| Untracked 
|  98|0x0000000089a00000, 0x0000000089a00000, 0x0000000089b00000|  0%| F|  |TAMS 0x0000000089a00000, 0x0000000089a00000| Untracked 
|  99|0x0000000089b00000, 0x0000000089b00000, 0x0000000089c00000|  0%| F|  |TAMS 0x0000000089b00000, 0x0000000089b00000| Untracked 
| 100|0x0000000089c00000, 0x0000000089c00000, 0x0000000089d00000|  0%| F|  |TAMS 0x0000000089c00000, 0x0000000089c00000| Untracked 
| 101|0x0000000089d00000, 0x0000000089d00000, 0x0000000089e00000|  0%| F|  |TAMS 0x0000000089d00000, 0x0000000089d00000| Untracked 
| 102|0x0000000089e00000, 0x0000000089e00000, 0x0000000089f00000|  0%| F|  |TAMS 0x0000000089e00000, 0x0000000089e00000| Untracked 
| 103|0x0000000089f00000, 0x0000000089f00000, 0x000000008a000000|  0%| F|  |TAMS 0x0000000089f00000, 0x0000000089f00000| Untracked 
| 104|0x000000008a000000, 0x000000008a000000, 0x000000008a100000|  0%| F|  |TAMS 0x000000008a000000, 0x000000008a000000| Untracked 
| 105|0x000000008a100000, 0x000000008a100000, 0x000000008a200000|  0%| F|  |TAMS 0x000000008a100000, 0x000000008a100000| Untracked 
| 106|0x000000008a200000, 0x000000008a200000, 0x000000008a300000|  0%| F|  |TAMS 0x000000008a200000, 0x000000008a200000| Untracked 
| 107|0x000000008a300000, 0x000000008a300000, 0x000000008a400000|  0%| F|  |TAMS 0x000000008a300000, 0x000000008a300000| Untracked 
| 108|0x000000008a400000, 0x000000008a400000, 0x000000008a500000|  0%| F|  |TAMS 0x000000008a400000, 0x000000008a400000| Untracked 
| 109|0x000000008a500000, 0x000000008a500000, 0x000000008a600000|  0%| F|  |TAMS 0x000000008a500000, 0x000000008a500000| Untracked 
| 110|0x000000008a600000, 0x000000008a600000, 0x000000008a700000|  0%| F|  |TAMS 0x000000008a600000, 0x000000008a600000| Untracked 
| 111|0x000000008a700000, 0x000000008a700000, 0x000000008a800000|  0%| F|  |TAMS 0x000000008a700000, 0x000000008a700000| Untracked 
| 112|0x000000008a800000, 0x000000008a800000, 0x000000008a900000|  0%| F|  |TAMS 0x000000008a800000, 0x000000008a800000| Untracked 
| 113|0x000000008a900000, 0x000000008a900000, 0x000000008aa00000|  0%| F|  |TAMS 0x000000008a900000, 0x000000008a900000| Untracked 
| 114|0x000000008aa00000, 0x000000008aaed208, 0x000000008ab00000| 92%| E|  |TAMS 0x000000008aa00000, 0x000000008aa00000| Complete 
| 115|0x000000008ab00000, 0x000000008ac00000, 0x000000008ac00000|100%| E|CS|TAMS 0x000000008ab00000, 0x000000008ab00000| Complete 
| 116|0x000000008ac00000, 0x000000008ad00000, 0x000000008ad00000|100%| E|CS|TAMS 0x000000008ac00000, 0x000000008ac00000| Complete 
| 117|0x000000008ad00000, 0x000000008ae00000, 0x000000008ae00000|100%| E|CS|TAMS 0x000000008ad00000, 0x000000008ad00000| Complete 
| 118|0x000000008ae00000, 0x000000008af00000, 0x000000008af00000|100%| E|CS|TAMS 0x000000008ae00000, 0x000000008ae00000| Complete 
| 119|0x000000008af00000, 0x000000008b000000, 0x000000008b000000|100%| E|CS|TAMS 0x000000008af00000, 0x000000008af00000| Complete 
| 120|0x000000008b000000, 0x000000008b100000, 0x000000008b100000|100%| E|CS|TAMS 0x000000008b000000, 0x000000008b000000| Complete 
| 121|0x000000008b100000, 0x000000008b200000, 0x000000008b200000|100%| E|CS|TAMS 0x000000008b100000, 0x000000008b100000| Complete 
| 122|0x000000008b200000, 0x000000008b300000, 0x000000008b300000|100%| E|CS|TAMS 0x000000008b200000, 0x000000008b200000| Complete 
| 123|0x000000008b300000, 0x000000008b400000, 0x000000008b400000|100%| E|CS|TAMS 0x000000008b300000, 0x000000008b300000| Complete 
| 124|0x000000008b400000, 0x000000008b500000, 0x000000008b500000|100%| E|CS|TAMS 0x000000008b400000, 0x000000008b400000| Complete 
| 125|0x000000008b500000, 0x000000008b600000, 0x000000008b600000|100%| E|CS|TAMS 0x000000008b500000, 0x000000008b500000| Complete 

Card table byte_map: [0x00000202a6d80000,0x00000202a7170000] _byte_map_base: 0x00000202a6964000

Marking Bits (Prev, Next): (CMBitMap*) 0x0000020293f54c00, (CMBitMap*) 0x0000020293f54c40
 Prev Bits: [0x00000202a7560000, 0x00000202a9480000)
 Next Bits: [0x00000202a9480000, 0x00000202ab3a0000)

Polling page: 0x00000202936b0000

Metaspace:

Usage:
  Non-class:     12.49 MB used.
      Class:      1.41 MB used.
       Both:     13.89 MB used.

Virtual space:
  Non-class space:       64.00 MB reserved,      12.62 MB ( 20%) committed,  1 nodes.
      Class space:        1.00 GB reserved,       1.44 MB ( <1%) committed,  1 nodes.
             Both:        1.06 GB reserved,      14.06 MB (  1%) committed. 

Chunk freelists:
   Non-Class:  2.53 MB
       Class:  14.50 MB
        Both:  17.03 MB

MaxMetaspaceSize: unlimited
CompressedClassSpaceSize: 1.00 GB
Initial GC threshold: 21.00 MB
Current GC threshold: 21.00 MB
CDS: off
MetaspaceReclaimPolicy: balanced
 - commit_granule_bytes: 65536.
 - commit_granule_words: 8192.
 - virtual_space_node_default_size: 8388608.
 - enlarge_chunks_in_place: 1.
 - new_chunks_are_fully_committed: 0.
 - uncommit_free_chunks: 1.
 - use_allocation_guard: 0.
 - handle_deallocations: 1.


Internal statistics:

num_allocs_failed_limit: 0.
num_arena_births: 120.
num_arena_deaths: 0.
num_vsnodes_births: 2.
num_vsnodes_deaths: 0.
num_space_committed: 225.
num_space_uncommitted: 0.
num_chunks_returned_to_freelist: 0.
num_chunks_taken_from_freelist: 242.
num_chunk_merges: 0.
num_chunk_splits: 136.
num_chunks_enlarged: 88.
num_inconsistent_stats: 0.

CodeHeap 'non-profiled nmethods': size=120000Kb used=257Kb max_used=257Kb free=119742Kb
 bounds [0x000002029f130000, 0x000002029f3a0000, 0x00000202a6660000]
CodeHeap 'profiled nmethods': size=120000Kb used=1317Kb max_used=1317Kb free=118682Kb
 bounds [0x0000020297660000, 0x00000202978d0000, 0x000002029eb90000]
CodeHeap 'non-nmethods': size=5760Kb used=1173Kb max_used=1189Kb free=4587Kb
 bounds [0x000002029eb90000, 0x000002029ee00000, 0x000002029f130000]
 total_blobs=1328 nmethods=860 adapters=381
 compilation: enabled
              stopped_count=0, restarted_count=0
 full_count=0

Compilation events (20 events):
Event: 0.626 Thread 0x00000202b204efb0 nmethod 853 0x00000202977a2610 code [0x00000202977a28c0, 0x00000202977a3808]
Event: 0.626 Thread 0x00000202b204efb0  850       3       jdk.internal.org.objectweb.asm.MethodWriter::<init> (232 bytes)
Event: 0.627 Thread 0x00000202b204dcf0 nmethod 852 0x000002029f16fd10 code [0x000002029f16fea0, 0x000002029f1701f8]
Event: 0.627 Thread 0x00000202b204dcf0  854       4       jdk.internal.org.objectweb.asm.ByteVector::putShort (52 bytes)
Event: 0.628 Thread 0x00000202b204efb0 nmethod 850 0x00000202977a3d10 code [0x00000202977a3fa0, 0x00000202977a4d18]
Event: 0.628 Thread 0x00000202b204efb0  849       3       java.lang.invoke.DirectMethodHandle::preparedLambdaForm (244 bytes)
Event: 0.628 Thread 0x00000202b204dcf0 nmethod 854 0x000002029f170390 code [0x000002029f170500, 0x000002029f170638]
Event: 0.629 Thread 0x00000202b204efb0 nmethod 849 0x00000202977a5210 code [0x00000202977a5500, 0x00000202977a6438]
Event: 0.630 Thread 0x00000202b204efb0  855   !   3       sun.security.util.DisabledAlgorithmConstraints::cachedCheckAlgorithm (116 bytes)
Event: 0.631 Thread 0x00000202b204efb0 nmethod 855 0x00000202977a6a10 code [0x00000202977a6ca0, 0x00000202977a7ba8]
Event: 0.633 Thread 0x00000202b204efb0  856       3       sun.security.ssl.CipherSuite$KeyExchange::isAvailable (46 bytes)
Event: 0.633 Thread 0x00000202b204efb0 nmethod 856 0x00000202977a8010 code [0x00000202977a81e0, 0x00000202977a84c8]
Event: 0.633 Thread 0x00000202b204efb0  857       3       java.util.TreeSet::contains (11 bytes)
Event: 0.633 Thread 0x00000202b204efb0 nmethod 857 0x00000202977a8590 code [0x00000202977a8740, 0x00000202977a8908]
Event: 0.633 Thread 0x00000202b204efb0  858       3       java.util.RegularEnumSet::isEmpty (15 bytes)
Event: 0.633 Thread 0x00000202b204efb0 nmethod 858 0x00000202977a8a10 code [0x00000202977a8ba0, 0x00000202977a8d18]
Event: 0.634 Thread 0x00000202b204efb0  859       3       java.lang.Byte::<init> (10 bytes)
Event: 0.634 Thread 0x00000202b204efb0 nmethod 859 0x00000202977a8d90 code [0x00000202977a8f40, 0x00000202977a9118]
Event: 0.634 Thread 0x00000202b204efb0  860       3       jdk.internal.misc.Unsafe::makeLong (25 bytes)
Event: 0.634 Thread 0x00000202b204efb0 nmethod 860 0x00000202977a9210 code [0x00000202977a93c0, 0x00000202977a9678]

GC Heap History (0 events):
No events

Dll operation events (1 events):
Event: 0.008 Loaded shared library D:\pycharm\PyCharm 2023.2.2\jbr\bin\java.dll

Deoptimization events (8 events):
Event: 0.517 Thread 0x0000020293ef9290 Uncommon trap: trap_request=0xffffff45 fr.pc=0x000002029f14801c relative=0x00000000000003fc
Event: 0.517 Thread 0x0000020293ef9290 Uncommon trap: reason=unstable_if action=reinterpret pc=0x000002029f14801c method=java.lang.StringLatin1.newString([BII)Ljava/lang/String; @ 1 c2
Event: 0.517 Thread 0x0000020293ef9290 DEOPT PACKING pc=0x000002029f14801c sp=0x000000ce652fe970
Event: 0.517 Thread 0x0000020293ef9290 DEOPT UNPACKING pc=0x000002029ebe69a3 sp=0x000000ce652fe938 mode 2
Event: 0.518 Thread 0x0000020293ef9290 DEOPT PACKING pc=0x0000020297675ae7 sp=0x000000ce652fe950
Event: 0.518 Thread 0x0000020293ef9290 DEOPT UNPACKING pc=0x000002029ebe7143 sp=0x000000ce652fdd70 mode 0
Event: 0.552 Thread 0x0000020293ef9290 DEOPT PACKING pc=0x0000020297674ad1 sp=0x000000ce652fa440
Event: 0.552 Thread 0x0000020293ef9290 DEOPT UNPACKING pc=0x000002029ebe7143 sp=0x000000ce652f98b8 mode 0

Classes unloaded (0 events):
No events

Classes redefined (0 events):
No events

Internal exceptions (20 events):
Event: 0.269 Thread 0x0000020293ef9290 Exception <a 'java/lang/NoSuchMethodError'{0x000000008b3bbef8}: 'void java.lang.invoke.DirectMethodHandle$Holder.invokeStaticInit(java.lang.Object, java.lang.Object)'> (0x000000008b3bbef8) 
thrown [s\src\hotspot\share\interpreter\linkResolver.cpp, line 771]
Event: 0.270 Thread 0x0000020293ef9290 Exception <a 'java/lang/NoSuchMethodError'{0x000000008b3c28f0}: 'int java.lang.invoke.DirectMethodHandle$Holder.invokeStaticInit(java.lang.Object, java.lang.Object)'> (0x000000008b3c28f0) 
thrown [s\src\hotspot\share\interpreter\linkResolver.cpp, line 771]
Event: 0.312 Thread 0x0000020293ef9290 Exception <a 'java/lang/NoSuchMethodError'{0x000000008b2a9d60}: 'java.lang.Object java.lang.invoke.DirectMethodHandle$Holder.invokeStaticInit(java.lang.Object, int, int, int, int)'> (0x000000008b2a9d60) 
thrown [s\src\hotspot\share\interpreter\linkResolver.cpp, line 771]
Event: 0.394 Thread 0x0000020293ef9290 Exception <a 'java/lang/NoSuchMethodError'{0x000000008b2fc858}: 'java.lang.Object java.lang.invoke.DirectMethodHandle$Holder.invokeStaticInit(java.lang.Object, java.lang.Object, int, int, int, int)'> (0x000000008b2fc858) 
thrown [s\src\hotspot\share\interpreter\linkResolver.cpp, line 771]
Event: 0.405 Thread 0x0000020293ef9290 Exception <a 'java/lang/NoSuchMethodError'{0x000000008b165d20}: 'java.lang.Object java.lang.invoke.DirectMethodHandle$Holder.invokeStatic(java.lang.Object, java.lang.Object, int)'> (0x000000008b165d20) 
thrown [s\src\hotspot\share\interpreter\linkResolver.cpp, line 771]
Event: 0.405 Thread 0x0000020293ef9290 Exception <a 'java/lang/NoSuchMethodError'{0x000000008b169498}: 'java.lang.Object java.lang.invoke.DirectMethodHandle$Holder.invokeStaticInit(java.lang.Object, java.lang.Object, int)'> (0x000000008b169498) 
thrown [s\src\hotspot\share\interpreter\linkResolver.cpp, line 771]
Event: 0.406 Thread 0x0000020293ef9290 Exception <a 'java/lang/NoSuchMethodError'{0x000000008b16f848}: 'java.lang.Object java.lang.invoke.DirectMethodHandle$Holder.newInvokeSpecial(java.lang.Object, java.lang.Object, int)'> (0x000000008b16f848) 
thrown [s\src\hotspot\share\interpreter\linkResolver.cpp, line 771]
Event: 0.410 Thread 0x0000020293ef9290 Exception <a 'java/lang/NoSuchMethodError'{0x000000008b17f300}: 'int java.lang.invoke.DirectMethodHandle$Holder.invokeStaticInit(java.lang.Object, java.lang.Object, java.lang.Object)'> (0x000000008b17f300) 
thrown [s\src\hotspot\share\interpreter\linkResolver.cpp, line 771]
Event: 0.413 Thread 0x0000020293ef9290 Exception <a 'java/lang/NoSuchMethodError'{0x000000008b18f4e0}: 'int java.lang.invoke.DirectMethodHandle$Holder.invokeSpecial(java.lang.Object, java.lang.Object, java.lang.Object)'> (0x000000008b18f4e0) 
thrown [s\src\hotspot\share\interpreter\linkResolver.cpp, line 771]
Event: 0.415 Thread 0x0000020293ef9290 Exception <a 'java/lang/NoSuchMethodError'{0x000000008b1978c0}: 'int java.lang.invoke.DirectMethodHandle$Holder.invokeSpecialIFC(java.lang.Object, java.lang.Object, java.lang.Object)'> (0x000000008b1978c0) 
thrown [s\src\hotspot\share\interpreter\linkResolver.cpp, line 771]
Event: 0.449 Thread 0x0000020293ef9290 Exception <a 'java/lang/NoSuchMethodError'{0x000000008b024130}: 'java.lang.Object java.lang.invoke.DirectMethodHandle$Holder.invokeStaticInit(java.lang.Object)'> (0x000000008b024130) 
thrown [s\src\hotspot\share\interpreter\linkResolver.cpp, line 771]
Event: 0.527 Thread 0x0000020293ef9290 Exception <a 'java/lang/NoSuchMethodError'{0x000000008ae018e0}: 'java.lang.Object java.lang.invoke.DirectMethodHandle$Holder.newInvokeSpecial(java.lang.Object, java.lang.Object, java.lang.Object, java.lang.Object, java.lang.Object)'> (0x000000008ae018e0) 
thrown [s\src\hotspot\share\interpreter\linkResolver.cpp, line 771]
Event: 0.567 Thread 0x0000020293ef9290 Exception <a 'java/lang/NoSuchMethodError'{0x000000008ad8dd60}: 'java.lang.Object java.lang.invoke.DirectMethodHandle$Holder.invokeSpecial(java.lang.Object, java.lang.Object, java.lang.Object, java.lang.Object, int)'> (0x000000008ad8dd60) 
thrown [s\src\hotspot\share\interpreter\linkResolver.cpp, line 771]
Event: 0.567 Thread 0x0000020293ef9290 Exception <a 'java/lang/NoSuchMethodError'{0x000000008ad91928}: 'java.lang.Object java.lang.invoke.Invokers$Holder.linkToTargetMethod(java.lang.Object, java.lang.Object, int, java.lang.Object)'> (0x000000008ad91928) 
thrown [s\src\hotspot\share\interpreter\linkResolver.cpp, line 771]
Event: 0.580 Thread 0x0000020293ef9290 Exception <a 'java/lang/NoSuchMethodError'{0x000000008adf22a0}: 'void java.lang.invoke.DirectMethodHandle$Holder.invokeSpecial(java.lang.Object, java.lang.Object, java.lang.Object)'> (0x000000008adf22a0) 
thrown [s\src\hotspot\share\interpreter\linkResolver.cpp, line 771]
Event: 0.597 Thread 0x00000202b26c5880 Exception <a 'java/lang/NoSuchMethodError'{0x000000008ac900b0}: 'void java.lang.invoke.DirectMethodHandle$Holder.invokeStatic(java.lang.Object, java.lang.Object, int)'> (0x000000008ac900b0) 
thrown [s\src\hotspot\share\interpreter\linkResolver.cpp, line 771]
Event: 0.597 Thread 0x0000020293ef9290 Exception <a 'java/lang/NoSuchMethodError'{0x000000008ac78e70}: 'void java.lang.invoke.DirectMethodHandle$Holder.invokeSpecial(java.lang.Object, java.lang.Object, java.lang.Object, java.lang.Object, java.lang.Object)'> (0x000000008ac78e70) 
thrown [s\src\hotspot\share\interpreter\linkResolver.cpp, line 771]
Event: 0.607 Thread 0x00000202b2702060 Exception <a 'java/lang/NoSuchMethodError'{0x000000008ab9a280}: 'void java.lang.invoke.DirectMethodHandle$Holder.invokeInterface(java.lang.Object, java.lang.Object, java.lang.Object)'> (0x000000008ab9a280) 
thrown [s\src\hotspot\share\interpreter\linkResolver.cpp, line 771]
Event: 0.610 Thread 0x00000202b2702060 Exception <a 'java/lang/NoSuchMethodError'{0x000000008abb0768}: 'int java.lang.invoke.DirectMethodHandle$Holder.invokeStaticInit(java.lang.Object, int, int)'> (0x000000008abb0768) 
thrown [s\src\hotspot\share\interpreter\linkResolver.cpp, line 771]
Event: 0.615 Thread 0x00000202b2702060 Exception <a 'java/lang/NoSuchMethodError'{0x000000008abf34d0}: 'void java.lang.invoke.DirectMethodHandle$Holder.invokeVirtual(java.lang.Object, java.lang.Object)'> (0x000000008abf34d0) 
thrown [s\src\hotspot\share\interpreter\linkResolver.cpp, line 771]

VM Operations (8 events):
Event: 0.136 Executing VM operation: HandshakeAllThreads
Event: 0.136 Executing VM operation: HandshakeAllThreads done
Event: 0.153 Executing VM operation: HandshakeAllThreads
Event: 0.153 Executing VM operation: HandshakeAllThreads done
Event: 0.328 Executing VM operation: HandshakeAllThreads
Event: 0.328 Executing VM operation: HandshakeAllThreads done
Event: 0.452 Executing VM operation: HandshakeAllThreads
Event: 0.452 Executing VM operation: HandshakeAllThreads done

Events (20 events):
Event: 0.630 loading class sun/security/ssl/NamedGroupPossession done
Event: 0.630 loading class sun/security/ssl/SSLCredentials
Event: 0.630 loading class sun/security/ssl/SSLCredentials done
Event: 0.630 loading class sun/security/ssl/SSLKeyDerivation
Event: 0.630 loading class sun/security/ssl/SSLKeyDerivation done
Event: 0.630 loading class sun/security/ssl/SupportedGroupsExtension$SupportedGroups
Event: 0.630 loading class sun/security/ssl/SupportedGroupsExtension$SupportedGroups done
Event: 0.631 loading class sun/security/util/KeyUtil
Event: 0.631 loading class sun/security/util/KeyUtil done
Event: 0.632 loading class java/util/ComparableTimSort
Event: 0.632 loading class java/util/ComparableTimSort done
Event: 0.633 loading class sun/security/ssl/HandshakeOutStream
Event: 0.633 loading class sun/security/ssl/HandshakeOutStream done
Event: 0.633 loading class java/lang/Byte$ByteCache
Event: 0.633 loading class java/lang/Byte$ByteCache done
Event: 0.634 loading class sun/security/ssl/RandomCookie
Event: 0.634 loading class sun/security/ssl/RandomCookie done
Event: 0.634 loading class sun/security/ssl/ClientHello$ClientHelloMessage
Event: 0.634 loading class sun/security/ssl/SSLHandshake$HandshakeMessage
Event: 0.634 loading class java/lang/NoSuchFieldError


Dynamic libraries:
0x00007ff7b12e0000 - 0x00007ff7b12ea000 	D:\pycharm\PyCharm 2023.2.2\jbr\bin\java.exe
0x00007ff9e12d0000 - 0x00007ff9e14e4000 	C:\WINDOWS\SYSTEM32\ntdll.dll
0x00007ff9df4b0000 - 0x00007ff9df574000 	C:\WINDOWS\System32\KERNEL32.DLL
0x00007ff9de7a0000 - 0x00007ff9deb44000 	C:\WINDOWS\System32\KERNELBASE.dll
0x00007ff9decf0000 - 0x00007ff9dee01000 	C:\WINDOWS\System32\ucrtbase.dll
0x00007ff9bf3f0000 - 0x00007ff9bf40b000 	D:\pycharm\PyCharm 2023.2.2\jbr\bin\VCRUNTIME140.dll
0x00007ff9b1360000 - 0x00007ff9b1377000 	D:\pycharm\PyCharm 2023.2.2\jbr\bin\jli.dll
0x00007ff9df700000 - 0x00007ff9df8ae000 	C:\WINDOWS\System32\USER32.dll
0x00007ff9deb50000 - 0x00007ff9deb76000 	C:\WINDOWS\System32\win32u.dll
0x00007ff9c0710000 - 0x00007ff9c09a3000 	C:\WINDOWS\WinSxS\amd64_microsoft.windows.common-controls_6595b64144ccf1df_6.0.22621.2215_none_270d72677387dfc3\COMCTL32.dll
0x00007ff9e0cc0000 - 0x00007ff9e0ce9000 	C:\WINDOWS\System32\GDI32.dll
0x00007ff9e0b80000 - 0x00007ff9e0c27000 	C:\WINDOWS\System32\msvcrt.dll
0x00007ff9de680000 - 0x00007ff9de798000 	C:\WINDOWS\System32\gdi32full.dll
0x00007ff9dee90000 - 0x00007ff9def2a000 	C:\WINDOWS\System32\msvcp_win.dll
0x00007ff9e0920000 - 0x00007ff9e0951000 	C:\WINDOWS\System32\IMM32.DLL
0x00007ff9d4940000 - 0x00007ff9d494c000 	D:\pycharm\PyCharm 2023.2.2\jbr\bin\vcruntime140_1.dll
0x00007ff99bf00000 - 0x00007ff99bf8d000 	D:\pycharm\PyCharm 2023.2.2\jbr\bin\msvcp140.dll
0x00007ff970b80000 - 0x00007ff971803000 	D:\pycharm\PyCharm 2023.2.2\jbr\bin\server\jvm.dll
0x00007ff9df260000 - 0x00007ff9df310000 	C:\WINDOWS\System32\ADVAPI32.dll
0x00007ff9e00e0000 - 0x00007ff9e0186000 	C:\WINDOWS\System32\sechost.dll
0x00007ff9e0cf0000 - 0x00007ff9e0e07000 	C:\WINDOWS\System32\RPCRT4.dll
0x00007ff9c3730000 - 0x00007ff9c3739000 	C:\WINDOWS\SYSTEM32\WSOCK32.dll
0x00007ff9de550000 - 0x00007ff9de59d000 	C:\WINDOWS\SYSTEM32\POWRPROF.dll
0x00007ff9d4010000 - 0x00007ff9d4044000 	C:\WINDOWS\SYSTEM32\WINMM.dll
0x00007ff9cc2c0000 - 0x00007ff9cc2ca000 	C:\WINDOWS\SYSTEM32\VERSION.dll
0x00007ff9e09b0000 - 0x00007ff9e0a21000 	C:\WINDOWS\System32\WS2_32.dll
0x00007ff9de530000 - 0x00007ff9de543000 	C:\WINDOWS\SYSTEM32\UMPDC.dll
0x00007ff9dd640000 - 0x00007ff9dd658000 	C:\WINDOWS\SYSTEM32\kernel.appcore.dll
0x00007ff9d4c20000 - 0x00007ff9d4c2a000 	D:\pycharm\PyCharm 2023.2.2\jbr\bin\jimage.dll
0x00007ff9d8700000 - 0x00007ff9d892e000 	C:\WINDOWS\SYSTEM32\DBGHELP.DLL
0x00007ff9e0190000 - 0x00007ff9e051a000 	C:\WINDOWS\System32\combase.dll
0x00007ff9df070000 - 0x00007ff9df147000 	C:\WINDOWS\System32\OLEAUT32.dll
0x00007ff9c3000000 - 0x00007ff9c3032000 	C:\WINDOWS\SYSTEM32\dbgcore.DLL
0x00007ff9dee10000 - 0x00007ff9dee8a000 	C:\WINDOWS\System32\bcryptPrimitives.dll
0x00007ff9b1380000 - 0x00007ff9b13a5000 	D:\pycharm\PyCharm 2023.2.2\jbr\bin\java.dll
0x00007ff9c6c30000 - 0x00007ff9c6c48000 	D:\pycharm\PyCharm 2023.2.2\jbr\bin\zip.dll
0x00007ff9df8b0000 - 0x00007ff9e00d3000 	C:\WINDOWS\System32\SHELL32.dll
0x00007ff9dc5c0000 - 0x00007ff9dceaa000 	C:\WINDOWS\SYSTEM32\windows.storage.dll
0x00007ff9dc480000 - 0x00007ff9dc5be000 	C:\WINDOWS\SYSTEM32\wintypes.dll
0x00007ff9df150000 - 0x00007ff9df243000 	C:\WINDOWS\System32\SHCORE.dll
0x00007ff9e08b0000 - 0x00007ff9e090e000 	C:\WINDOWS\System32\shlwapi.dll
0x00007ff9de5b0000 - 0x00007ff9de5d6000 	C:\WINDOWS\SYSTEM32\profapi.dll
0x00007ff9b4b30000 - 0x00007ff9b4b49000 	D:\pycharm\PyCharm 2023.2.2\jbr\bin\net.dll
0x00007ff9d7bf0000 - 0x00007ff9d7d27000 	C:\WINDOWS\SYSTEM32\WINHTTP.dll
0x00007ff9ddb10000 - 0x00007ff9ddb79000 	C:\WINDOWS\system32\mswsock.dll
0x00007ff9b4af0000 - 0x00007ff9b4b06000 	D:\pycharm\PyCharm 2023.2.2\jbr\bin\nio.dll
0x00007ff9ddd80000 - 0x00007ff9ddd9b000 	C:\WINDOWS\SYSTEM32\CRYPTSP.dll
0x00007ff9dd600000 - 0x00007ff9dd635000 	C:\WINDOWS\system32\rsaenh.dll
0x00007ff9ddbf0000 - 0x00007ff9ddc1c000 	C:\WINDOWS\SYSTEM32\USERENV.dll
0x00007ff9ddf60000 - 0x00007ff9ddf88000 	C:\WINDOWS\SYSTEM32\bcrypt.dll
0x00007ff9ddda0000 - 0x00007ff9dddac000 	C:\WINDOWS\SYSTEM32\CRYPTBASE.dll
0x00007ff9dd110000 - 0x00007ff9dd13d000 	C:\WINDOWS\SYSTEM32\IPHLPAPI.DLL
0x00007ff9e0680000 - 0x00007ff9e0689000 	C:\WINDOWS\System32\NSI.dll
0x00007ff9d3ff0000 - 0x00007ff9d4009000 	C:\WINDOWS\SYSTEM32\dhcpcsvc6.DLL
0x00007ff9d3fd0000 - 0x00007ff9d3fef000 	C:\WINDOWS\SYSTEM32\dhcpcsvc.DLL
0x00007ff9dd180000 - 0x00007ff9dd272000 	C:\WINDOWS\SYSTEM32\DNSAPI.dll
0x00007ff9cb500000 - 0x00007ff9cb50e000 	D:\pycharm\PyCharm 2023.2.2\jbr\bin\sunmscapi.dll
0x00007ff9deb80000 - 0x00007ff9dece6000 	C:\WINDOWS\System32\CRYPT32.dll
0x00007ff9ddf30000 - 0x00007ff9ddf5e000 	C:\WINDOWS\SYSTEM32\ncrypt.dll
0x00007ff9ddef0000 - 0x00007ff9ddf27000 	C:\WINDOWS\SYSTEM32\NTASN1.dll
0x00007ff9c9250000 - 0x00007ff9c9258000 	C:\WINDOWS\system32\wshunix.dll

dbghelp: loaded successfully - version: 4.0.5 - missing functions: none
symbol engine: initialized successfully - sym options: 0x614 - pdb path: .;D:\pycharm\PyCharm 2023.2.2\jbr\bin;C:\WINDOWS\SYSTEM32;C:\WINDOWS\WinSxS\amd64_microsoft.windows.common-controls_6595b64144ccf1df_6.0.22621.2215_none_270d72677387dfc3;D:\pycharm\PyCharm 2023.2.2\jbr\bin\server

VM Arguments:
java_command: git4idea.http.GitAskPassApp Password for 'https://Prashanth003007@github.com': 
java_class_path (initial): D:/pycharm/PyCharm 2023.2.2/plugins/vcs-git/lib/git4idea-rt.jar;D:/pycharm/PyCharm 2023.2.2/lib/externalProcess-rt.jar
Launcher Type: SUN_STANDARD

[Global flags]
     intx CICompilerCount                          = 4                                         {product} {ergonomic}
     uint ConcGCThreads                            = 2                                         {product} {ergonomic}
     uint G1ConcRefinementThreads                  = 8                                         {product} {ergonomic}
   size_t G1HeapRegionSize                         = 1048576                                   {product} {ergonomic}
    uintx GCDrainStackTargetSize                   = 64                                        {product} {ergonomic}
   size_t InitialHeapSize                          = 132120576                                 {product} {ergonomic}
   size_t MarkStackSize                            = 4194304                                   {product} {ergonomic}
   size_t MaxHeapSize                              = 2088763392                                {product} {ergonomic}
   size_t MaxNewSize                               = 1253048320                                {product} {ergonomic}
   size_t MinHeapDeltaBytes                        = 1048576                                   {product} {ergonomic}
   size_t MinHeapSize                              = 8388608                                   {product} {ergonomic}
    uintx NonNMethodCodeHeapSize                   = 5839372                                {pd product} {ergonomic}
    uintx NonProfiledCodeHeapSize                  = 122909434                              {pd product} {ergonomic}
    uintx ProfiledCodeHeapSize                     = 122909434                              {pd product} {ergonomic}
    uintx ReservedCodeCacheSize                    = 251658240                              {pd product} {ergonomic}
     bool SegmentedCodeCache                       = true                                      {product} {ergonomic}
   size_t SoftMaxHeapSize                          = 2088763392                             {manageable} {ergonomic}
     bool UseCompressedClassPointers               = true                           {product lp64_product} {ergonomic}
     bool UseCompressedOops                        = true                           {product lp64_product} {ergonomic}
     bool UseG1GC                                  = true                                      {product} {ergonomic}
     bool UseLargePagesIndividualAllocation        = false                                  {pd product} {ergonomic}

Logging:
Log output configuration:
 #0: stdout all=warning uptime,level,tags
 #1: stderr all=off uptime,level,tags

Environment Variables:
PATH=C:/Program Files/Git/mingw64/libexec/git-core;C:/Program Files/Git/mingw64/libexec/git-core;C:\Program Files\Git\mingw64\bin;C:\Program Files\Git\usr\bin;C:\Users\prash\AppData\Roaming\SPB_Data\bin;C:\Python311\Scripts\;C:\Python311\;C:\Users\prash\AppData\Local\Programs\Python\Python39\Scripts\;C:\Users\prash\AppData\Local\Programs\Python\Python39\;C:\Program Files\Common Files\Oracle\Java\javapath;C:\Program Files (x86)\Common Files\Oracle\Java\javapath;C:\oraclexe\app\oracle\product\10.2.0\server\bin;C:\python\python390\Scripts\;C:\python\python390\;C:\WINDOWS\system32;C:\WINDOWS;C:\WINDOWS\System32\Wbem;C:\WINDOWS\System32\WindowsPowerShell\v1.0\;C:\WINDOWS\System32\OpenSSH\;C:\Program Files\MATLAB\R2020b\bin;D:\MATLAB FILES\runtime\win64;D:\MATLAB FILES\bin;C:\ProgramData\chocolatey\bin;D:\xampp\php;C:\Program Files\Git\cmd;C:\Program Files\nodejs\;C:\Users\prash\miniconda3;C:\Users\prash\miniconda3\Library\mingw-w64\bin;C:\Users\prash\miniconda3\Library\usr\bin;C:\Users\prash\miniconda3\Library\bin;C:\Users\prash\miniconda3\Scripts;C:\Users\prash\anaconda3;C:\Users\prash\anaconda3\Library\mingw-w64\bin;C:\Users\prash\anaconda3\Library\usr\bin;C:\Users\prash\anaconda3\Library\bin;C:\Users\prash\anaconda3\Scripts;C:\Users\prash\AppData\Local\Microsoft\WindowsApps;D:\JAVA;C:\Program Files\JetBrains\IntelliJ IDEA Community Edition 2021.3.1\bin;D:\PyCharm Community Edition 2022.2.3\bin;D:\Microsoft VS Code\bin;C:\Users\prash\AppData\Roaming\npm;D:\pycharm\PyCharm 2023.2.2\bin
USERNAME=prash
DISPLAY=:0.0
LC_ALL=en_US.UTF-8
TERM=xterm-256color
TMPDIR=C:\Users\prash\AppData\Local\Temp
OS=Windows_NT
PROCESSOR_IDENTIFIER=Intel64 Family 6 Model 142 Stepping 12, GenuineIntel
TMP=C:\Users\prash\AppData\Local\Temp
TEMP=C:\Users\prash\AppData\Local\Temp


JNI global refs:
JNI global refs: 19, weak refs: 0

JNI global refs memory usage: 843, weak refs: 209

OOME stack traces (most recent first):
Classloader memory used:
Loader bootstrap                                                                       : 1610K
Loader jdk.internal.loader.ClassLoaders$PlatformClassLoader                            : 166K
Loader jdk.internal.loader.ClassLoaders$AppClassLoader                                 : 1758B


---------------  S Y S T E M  ---------------

OS:
 Windows 11 , 64 bit Build 22621 (10.0.22621.2215)
OS uptime: 4 days 6:34 hours
Hyper-V role detected

CPU: total 8 (initial active 8) (4 cores per cpu, 2 threads per core) family 6 model 142 stepping 12 microcode 0xec, cx8, cmov, fxsr, ht, mmx, 3dnowpref, sse, sse2, sse3, ssse3, sse4.1, sse4.2, popcnt, lzcnt, tsc, tscinvbit, avx, avx2, aes, erms, clmul, bmi1, bmi2, adx, fma, vzeroupper, clflush, clflushopt, hv
Processor Information for all 8 processors :
  Max Mhz: 2101, Current Mhz: 2101, Mhz Limit: 2101

Memory: 4k page, system-wide physical 7965M (767M free)
TotalPageFile size 11911M (AvailPageFile size 6M)
current process WorkingSet (physical memory assigned to process): 62M, peak: 62M
current process commit charge ("private bytes"): 215M, peak: 217M

vm_info: OpenJDK 64-Bit Server VM (17.0.8+7-b1000.22) for windows-amd64 JRE (17.0.8+7-b1000.22), built on 2023-09-02 by "builduser" with MS VC++ 16.10 / 16.11 (VS2019)

END.
